[2017-05-12 16:30:40] PicoFeed\Client\Stream Fetch URL: https://watirmelon.com/feed/
[2017-05-12 16:30:40] PicoFeed\Client\Stream Etag provided: 
[2017-05-12 16:30:40] PicoFeed\Client\Stream Last-Modified provided: Thu, 27 Apr 2017 21:00:06 GMT
[2017-05-12 16:30:41] PicoFeed\Client\HttpHeaders HTTP status code: 200
[2017-05-12 16:30:41] PicoFeed\Client\HttpHeaders HTTP header: Server => nginx
[2017-05-12 16:30:41] PicoFeed\Client\HttpHeaders HTTP header: Date => Fri, 12 May 2017 16:30:41 GMT
[2017-05-12 16:30:41] PicoFeed\Client\HttpHeaders HTTP header: Content-Type => application/rss+xml; charset=UTF-8
[2017-05-12 16:30:41] PicoFeed\Client\HttpHeaders HTTP header: Connection => close
[2017-05-12 16:30:41] PicoFeed\Client\HttpHeaders HTTP header: Strict-Transport-Security => max-age=86400
[2017-05-12 16:30:41] PicoFeed\Client\HttpHeaders HTTP header: Vary => Accept-Encoding
[2017-05-12 16:30:41] PicoFeed\Client\HttpHeaders HTTP header: X-hacker => If you're reading this, you should visit automattic.com/jobs and apply to join the fun, mention this header.
[2017-05-12 16:30:41] PicoFeed\Client\HttpHeaders HTTP header: Last-Modified => Fri, 12 May 2017 11:13:58 GMT
[2017-05-12 16:30:41] PicoFeed\Client\HttpHeaders HTTP header: X-nc => HIT dca 30
[2017-05-12 16:30:41] PicoFeed\Client\HttpHeaders HTTP header: Content-Encoding => gzip
[2017-05-12 16:30:41] PicoFeed\Client\HttpHeaders HTTP header: X-ac => 3.ewr _dca
[2017-05-12 16:30:41] PicoFeed\Parser\Rss20: HTTP Encoding "utf-8" ; XML Encoding "utf-8"
[2017-05-12 16:30:41] PicoFeed\Parser\Rss20: begin parsing
[2017-05-12 16:30:41] PicoFeed\Parser\Rss20
Feed::id = https://watirmelon.blog/feed/
Feed::title = WatirMelon.Blog
Feed::feedUrl = https://watirmelon.blog/feed/
Feed::siteUrl = https://watirmelon.blog/
Feed::language = en
Feed::description = A Software Testing Blog by Alister Scott
Feed::logo = https://secure.gravatar.com/blavatar/c9de640b304257bb2361e16d95fec265?s=96&d=https%3A%2F%2Fs2.wp.com%2Fi%2Fbuttonw-com.png
Feed::date = Fri, 12 May 17 11:13:58 +0000
Feed::isRTL() = false
Feed::items = 100 items
----
Item::id = f7956eba
Item::title = The blurry line between test and development
Item::url = https://watirmelon.blog/2017/05/11/the-blurry-line-between-test-and-development/
Item::language = en
Item::author = Alister Scott
Item::enclosureUrl = 
Item::enclosureType = 
Item::date = Thu, 11 May 17 02:11:17 +0000
Item::publishedDate = Thu, 11 May 17 02:11:17 +0000
Item::updatedDate = Thu, 11 May 17 02:11:17 +0000
Item::isRTL() = false
Item::content = 539 bytes
----
Item::id = adf71bec
Item::title = Staying focused with one conference presentation per year
Item::url = https://watirmelon.blog/2017/05/10/staying-focused-with-one-conference-presentation-per-year/
Item::language = en
Item::author = Alister Scott
Item::enclosureUrl = 
Item::enclosureType = 
Item::date = Wed, 10 May 17 03:07:48 +0000
Item::publishedDate = Wed, 10 May 17 03:07:48 +0000
Item::updatedDate = Wed, 10 May 17 03:07:48 +0000
Item::isRTL() = false
Item::content = 554 bytes
----
Item::id = d0675784
Item::title = The future of testing is distributed
Item::url = https://watirmelon.blog/2017/05/08/the-future-of-testing-is-distributed/
Item::language = en
Item::author = Alister Scott
Item::enclosureUrl = 
Item::enclosureType = 
Item::date = Mon, 08 May 17 02:14:34 +0000
Item::publishedDate = Mon, 08 May 17 02:14:34 +0000
Item::updatedDate = Mon, 08 May 17 02:14:34 +0000
Item::isRTL() = false
Item::content = 525 bytes
----
Item::id = ea674f8c
Item::title = Test for Real Life
Item::url = https://watirmelon.blog/2017/04/27/test-for-real-life/
Item::language = en
Item::author = Alister Scott
Item::enclosureUrl = 
Item::enclosureType = 
Item::date = Thu, 27 Apr 17 07:37:54 +0000
Item::publishedDate = Thu, 27 Apr 17 07:37:54 +0000
Item::updatedDate = Thu, 27 Apr 17 07:37:54 +0000
Item::isRTL() = false
Item::content = 462 bytes
----
Item::id = 555e4d3f
Item::title = Save password prompts in Chrome 57 with WebDriver
Item::url = https://watirmelon.blog/2017/04/05/save-password-prompts-in-chrome-57-with-webdriver/
Item::language = en
Item::author = Alister Scott
Item::enclosureUrl = 
Item::enclosureType = 
Item::date = Wed, 05 Apr 17 02:01:57 +0000
Item::publishedDate = Wed, 05 Apr 17 02:01:57 +0000
Item::updatedDate = Wed, 05 Apr 17 02:01:57 +0000
Item::isRTL() = false
Item::content = 589 bytes
----
Item::id = 9710bbc9
Item::title = WebDriverJs Select Lists in Chrome
Item::url = https://watirmelon.blog/2017/03/31/webdriverjs-select-lists-in-chrome/
Item::language = en
Item::author = Alister Scott
Item::enclosureUrl = 
Item::enclosureType = 
Item::date = Fri, 31 Mar 17 06:47:59 +0000
Item::publishedDate = Fri, 31 Mar 17 06:47:59 +0000
Item::updatedDate = Fri, 31 Mar 17 06:47:59 +0000
Item::isRTL() = false
Item::content = 525 bytes
----
Item::id = 29ebd34d
Item::title = Using Chrome Extensions with WebDriverJs
Item::url = https://watirmelon.blog/2017/03/17/using-chrome-extensions-with-webdriverjs/
Item::language = en
Item::author = Alister Scott
Item::enclosureUrl = 
Item::enclosureType = 
Item::date = Fri, 17 Mar 17 05:22:46 +0000
Item::publishedDate = Fri, 17 Mar 17 05:22:46 +0000
Item::updatedDate = Fri, 17 Mar 17 05:22:46 +0000
Item::isRTL() = false
Item::content = 526 bytes
----
Item::id = 1bddb1cf
Item::title = WebdriverJs & Mocha in Selenium 3
Item::url = https://watirmelon.blog/2017/03/17/webdriverjs-mocha-in-selenium-3/
Item::language = en
Item::author = Alister Scott
Item::enclosureUrl = 
Item::enclosureType = 
Item::date = Fri, 17 Mar 17 01:00:37 +0000
Item::publishedDate = Fri, 17 Mar 17 01:00:37 +0000
Item::updatedDate = Fri, 17 Mar 17 01:00:37 +0000
Item::isRTL() = false
Item::content = 544 bytes
----
Item::id = 78dcb0d2
Item::title = Upgrading WebdriverJs to Selenium 3
Item::url = https://watirmelon.blog/2017/03/15/upgrading-webdriverjs-to-selenium-3/
Item::language = en
Item::author = Alister Scott
Item::enclosureUrl = 
Item::enclosureType = 
Item::date = Wed, 15 Mar 17 00:04:31 +0000
Item::publishedDate = Wed, 15 Mar 17 00:04:31 +0000
Item::updatedDate = Wed, 15 Mar 17 00:04:31 +0000
Item::isRTL() = false
Item::content = 525 bytes
----
Item::id = 674e1fee
Item::title = Finding a home for your content
Item::url = https://watirmelon.blog/2017/03/10/finding-a-home-for-your-content/
Item::language = en
Item::author = Alister Scott
Item::enclosureUrl = 
Item::enclosureType = 
Item::date = Fri, 10 Mar 17 07:31:21 +0000
Item::publishedDate = Fri, 10 Mar 17 07:31:21 +0000
Item::updatedDate = Fri, 10 Mar 17 07:31:21 +0000
Item::isRTL() = false
Item::content = 529 bytes
----
Item::id = 439d1605
Item::title = Computer Security: Misc
Item::url = https://watirmelon.blog/2017/03/09/computer-security-misc/
Item::language = en
Item::author = Alister Scott
Item::enclosureUrl = 
Item::enclosureType = 
Item::date = Thu, 09 Mar 17 04:12:46 +0000
Item::publishedDate = Thu, 09 Mar 17 04:12:46 +0000
Item::updatedDate = Thu, 09 Mar 17 04:12:46 +0000
Item::isRTL() = false
Item::content = 518 bytes
----
Item::id = c4e2b2e7
Item::title = Computer Security: VPNs
Item::url = https://watirmelon.blog/2017/02/28/computer-security-vpns/
Item::language = en
Item::author = Alister Scott
Item::enclosureUrl = 
Item::enclosureType = 
Item::date = Tue, 28 Feb 17 10:44:33 +0000
Item::publishedDate = Tue, 28 Feb 17 10:44:33 +0000
Item::updatedDate = Tue, 28 Feb 17 10:44:33 +0000
Item::isRTL() = false
Item::content = 512 bytes
----
Item::id = 668c75d9
Item::title = Computer Security: Multi-factor Authentication
Item::url = https://watirmelon.blog/2017/02/27/computer-security-multi-factor-authentication/
Item::language = en
Item::author = Alister Scott
Item::enclosureUrl = 
Item::enclosureType = 
Item::date = Mon, 27 Feb 17 00:49:49 +0000
Item::publishedDate = Mon, 27 Feb 17 00:49:49 +0000
Item::updatedDate = Mon, 27 Feb 17 00:49:49 +0000
Item::isRTL() = false
Item::content = 565 bytes
----
Item::id = a069cfce
Item::title = Computer Security: Password Managers
Item::url = https://watirmelon.blog/2017/02/24/computer-security-password-managers/
Item::language = en
Item::author = Alister Scott
Item::enclosureUrl = 
Item::enclosureType = 
Item::date = Fri, 24 Feb 17 06:32:35 +0000
Item::publishedDate = Fri, 24 Feb 17 06:32:35 +0000
Item::updatedDate = Fri, 24 Feb 17 06:32:35 +0000
Item::isRTL() = false
Item::content = 546 bytes
----
Item::id = 95326955
Item::title = Computer Security: Passwords
Item::url = https://watirmelon.blog/2017/02/23/computer-security-passwords/
Item::language = en
Item::author = Alister Scott
Item::enclosureUrl = 
Item::enclosureType = 
Item::date = Thu, 23 Feb 17 05:50:17 +0000
Item::publishedDate = Thu, 23 Feb 17 05:50:17 +0000
Item::updatedDate = Thu, 23 Feb 17 05:50:17 +0000
Item::isRTL() = false
Item::content = 521 bytes
----
Item::id = 13cdfb16
Item::title = Avoiding boolean traps in es6
Item::url = https://watirmelon.blog/2017/02/13/avoiding-boolean-traps-in-es6/
Item::language = en
Item::author = Alister Scott
Item::enclosureUrl = 
Item::enclosureType = 
Item::date = Mon, 13 Feb 17 06:48:38 +0000
Item::publishedDate = Mon, 13 Feb 17 06:48:38 +0000
Item::updatedDate = Mon, 13 Feb 17 06:48:38 +0000
Item::isRTL() = false
Item::content = 521 bytes
----
Item::id = 5c8c6dd1
Item::title = Make sure your end-to-end tests align with your company’s strategy
Item::url = https://watirmelon.blog/2017/02/10/make-sure-your-end-to-end-tests-align-with-your-companys-strategy/
Item::language = en
Item::author = Alister Scott
Item::enclosureUrl = 
Item::enclosureType = 
Item::date = Fri, 10 Feb 17 07:58:43 +0000
Item::publishedDate = Fri, 10 Feb 17 07:58:43 +0000
Item::updatedDate = Fri, 10 Feb 17 07:58:43 +0000
Item::isRTL() = false
Item::content = 592 bytes
----
Item::id = 0b14a060
Item::title = Feature Toggles for Automated e2e Tests
Item::url = https://watirmelon.blog/2016/12/30/feature-toggles-for-automated-e2e-tests/
Item::language = en
Item::author = Alister Scott
Item::enclosureUrl = 
Item::enclosureType = 
Item::date = Fri, 30 Dec 16 06:47:00 +0000
Item::publishedDate = Fri, 30 Dec 16 06:47:00 +0000
Item::updatedDate = Fri, 30 Dec 16 06:47:00 +0000
Item::isRTL() = false
Item::content = 575 bytes
----
Item::id = 17abe9b2
Item::title = Should you close old bugs?
Item::url = https://watirmelon.blog/2016/12/14/should-you-close-old-bugs/
Item::language = en
Item::author = Alister Scott
Item::enclosureUrl = 
Item::enclosureType = 
Item::date = Wed, 14 Dec 16 06:41:21 +0000
Item::publishedDate = Wed, 14 Dec 16 06:41:21 +0000
Item::updatedDate = Wed, 14 Dec 16 06:41:21 +0000
Item::isRTL() = false
Item::content = 494 bytes
----
Item::id = 29a559e0
Item::title = Minesweepers Anonymous
Item::url = https://watirmelon.blog/2016/10/17/minesweepers-anonymous/
Item::language = en
Item::author = Alister Scott
Item::enclosureUrl = 
Item::enclosureType = 
Item::date = Mon, 17 Oct 16 04:21:05 +0000
Item::publishedDate = Mon, 17 Oct 16 04:21:05 +0000
Item::updatedDate = Mon, 17 Oct 16 04:21:05 +0000
Item::isRTL() = false
Item::content = 493 bytes
----
Item::id = 5638a6b3
Item::title = Checking web element styles using WebDriverJs
Item::url = https://watirmelon.blog/2016/09/30/checking-web-element-styles-using-webdriverjs/
Item::language = en
Item::author = Alister Scott
Item::enclosureUrl = 
Item::enclosureType = 
Item::date = Thu, 29 Sep 16 22:57:59 +0000
Item::publishedDate = Thu, 29 Sep 16 22:57:59 +0000
Item::updatedDate = Thu, 29 Sep 16 22:57:59 +0000
Item::isRTL() = false
Item::content = 535 bytes
----
Item::id = 6c9d5a00
Item::title = Unit Testing Randomness
Item::url = https://watirmelon.blog/2016/09/07/unit-testing-randomness/
Item::language = en
Item::author = Alister Scott
Item::enclosureUrl = 
Item::enclosureType = 
Item::date = Wed, 07 Sep 16 07:37:22 +0000
Item::publishedDate = Wed, 07 Sep 16 07:37:22 +0000
Item::updatedDate = Wed, 07 Sep 16 07:37:22 +0000
Item::isRTL() = false
Item::content = 521 bytes
----
Item::id = b72f259a
Item::title = Welcome to WatirMelon.Blog!
Item::url = https://watirmelon.blog/2016/08/23/welcome-to-watirmelon-blog/
Item::language = en
Item::author = Alister Scott
Item::enclosureUrl = 
Item::enclosureType = 
Item::date = Mon, 22 Aug 16 22:34:32 +0000
Item::publishedDate = Mon, 22 Aug 16 22:34:32 +0000
Item::updatedDate = Mon, 22 Aug 16 22:34:32 +0000
Item::isRTL() = false
Item::content = 502 bytes
----
Item::id = 372efe52
Item::title = watirwebdriver.com => watir.github.io
Item::url = https://watirmelon.blog/2016/08/19/watirwebdriver-com-watir-github-io/
Item::language = en
Item::author = Alister Scott
Item::enclosureUrl = 
Item::enclosureType = 
Item::date = Fri, 19 Aug 16 03:22:32 +0000
Item::publishedDate = Fri, 19 Aug 16 03:22:32 +0000
Item::updatedDate = Fri, 19 Aug 16 03:22:32 +0000
Item::isRTL() = false
Item::content = 264 bytes
----
Item::id = a19ba956
Item::title = 100% Code Coverage?
Item::url = https://watirmelon.blog/2016/08/18/100-code-coverage/
Item::language = en
Item::author = Alister Scott
Item::enclosureUrl = 
Item::enclosureType = 
Item::date = Thu, 18 Aug 16 07:32:48 +0000
Item::publishedDate = Thu, 18 Aug 16 07:32:48 +0000
Item::updatedDate = Thu, 18 Aug 16 07:32:48 +0000
Item::isRTL() = false
Item::content = 477 bytes
----
Item::id = 4bd93cb6
Item::title = Adding your own WebDriverJs helper methods
Item::url = https://watirmelon.blog/2016/08/02/adding-your-own-webdriverjs-helper-methods/
Item::language = en
Item::author = Alister Scott
Item::enclosureUrl = 
Item::enclosureType = 
Item::date = Tue, 02 Aug 16 07:02:48 +0000
Item::publishedDate = Tue, 02 Aug 16 07:02:48 +0000
Item::updatedDate = Tue, 02 Aug 16 07:02:48 +0000
Item::isRTL() = false
Item::content = 590 bytes
----
Item::id = 438b2af9
Item::title = How we Communicate at Automattic
Item::url = https://watirmelon.blog/2016/07/22/how-we-communicate-at-automattic/
Item::language = en
Item::author = Alister Scott
Item::enclosureUrl = 
Item::enclosureType = 
Item::date = Thu, 21 Jul 16 23:11:47 +0000
Item::publishedDate = Thu, 21 Jul 16 23:11:47 +0000
Item::updatedDate = Thu, 21 Jul 16 23:11:47 +0000
Item::isRTL() = false
Item::content = 538 bytes
----
Item::id = 5f5cd9d5
Item::title = Prioritising Test Reliability over Perfection
Item::url = https://watirmelon.blog/2016/07/12/prioritising-test-reliability-over-perfection/
Item::language = en
Item::author = Alister Scott
Item::enclosureUrl = 
Item::enclosureType = 
Item::date = Tue, 12 Jul 16 05:52:02 +0000
Item::publishedDate = Tue, 12 Jul 16 05:52:02 +0000
Item::updatedDate = Tue, 12 Jul 16 05:52:02 +0000
Item::isRTL() = false
Item::content = 538 bytes
----
Item::id = 784958c6
Item::title = (Not) Lying about Writing Code
Item::url = https://watirmelon.blog/2016/07/12/not-lying-about-writing-code/
Item::language = en
Item::author = Alister Scott
Item::enclosureUrl = 
Item::enclosureType = 
Item::date = Tue, 12 Jul 16 04:14:58 +0000
Item::publishedDate = Tue, 12 Jul 16 04:14:58 +0000
Item::updatedDate = Tue, 12 Jul 16 04:14:58 +0000
Item::isRTL() = false
Item::content = 522 bytes
----
Item::id = f3c9ee9c
Item::title = Handling JavaScript alerts when leaving a page with WebDriver
Item::url = https://watirmelon.blog/2016/07/05/handling-javascript-alerts-when-leaving-a-page-with-webdriver/
Item::language = en
Item::author = Alister Scott
Item::enclosureUrl = 
Item::enclosureType = 
Item::date = Tue, 05 Jul 16 08:09:35 +0000
Item::publishedDate = Tue, 05 Jul 16 08:09:35 +0000
Item::updatedDate = Tue, 05 Jul 16 08:09:35 +0000
Item::isRTL() = false
Item::content = 589 bytes
----
Item::id = 1849114b
Item::title = Using WebDriver to automatically check for JavaScript errors on every page (2016 edition)
Item::url = https://watirmelon.blog/2016/06/29/using-webdriver-to-automatically-check-for-javascript-errors-on-every-page-2016-edition/
Item::language = en
Item::author = Alister Scott
Item::enclosureUrl = 
Item::enclosureType = 
Item::date = Wed, 29 Jun 16 01:45:22 +0000
Item::publishedDate = Wed, 29 Jun 16 01:45:22 +0000
Item::updatedDate = Wed, 29 Jun 16 01:45:22 +0000
Item::isRTL() = false
Item::content = 642 bytes
----
Item::id = d35613bb
Item::title = Link: Reviewing “A Context Driven Approach to Automation in Testing”
Item::url = https://watirmelon.blog/2016/06/24/link-reviewing-a-context-driven-approach-to-automation-in-testing/
Item::language = en
Item::author = Alister Scott
Item::enclosureUrl = 
Item::enclosureType = 
Item::date = Fri, 24 Jun 16 09:39:54 +0000
Item::publishedDate = Fri, 24 Jun 16 09:39:54 +0000
Item::updatedDate = Fri, 24 Jun 16 09:39:54 +0000
Item::isRTL() = false
Item::content = 591 bytes
----
Item::id = 948d4ab9
Item::title = Should you raise bugs you don’t know how to reproduce?
Item::url = https://watirmelon.blog/2016/06/17/should-you-raise-bugs-you-dont-know-how-to-reproduce/
Item::language = en
Item::author = Alister Scott
Item::enclosureUrl = 
Item::enclosureType = 
Item::date = Fri, 17 Jun 16 06:06:19 +0000
Item::publishedDate = Fri, 17 Jun 16 06:06:19 +0000
Item::updatedDate = Fri, 17 Jun 16 06:06:19 +0000
Item::isRTL() = false
Item::content = 547 bytes
----
Item::id = 276b22f7
Item::title = The Importance of Doing Customer Support
Item::url = https://watirmelon.blog/2016/06/02/the-importance-of-doing-customer-support/
Item::language = en
Item::author = Alister Scott
Item::enclosureUrl = 
Item::enclosureType = 
Item::date = Thu, 02 Jun 16 06:35:07 +0000
Item::publishedDate = Thu, 02 Jun 16 06:35:07 +0000
Item::updatedDate = Thu, 02 Jun 16 06:35:07 +0000
Item::isRTL() = false
Item::content = 551 bytes
----
Item::id = f9f2272d
Item::title = Test Automation: why ‘record and replay’ fails
Item::url = https://watirmelon.blog/2016/06/01/test-automation-why-record-and-replay-fails/
Item::language = en
Item::author = Alister Scott
Item::enclosureUrl = 
Item::enclosureType = 
Item::date = Wed, 01 Jun 16 00:35:04 +0000
Item::publishedDate = Wed, 01 Jun 16 00:35:04 +0000
Item::updatedDate = Wed, 01 Jun 16 00:35:04 +0000
Item::isRTL() = false
Item::content = 581 bytes
----
Item::id = 67710aa3
Item::title = Ask Me Anything: That’s a Wrap!
Item::url = https://watirmelon.blog/2016/05/30/ask-me-anything-thats-a-wrap/
Item::language = en
Item::author = Alister Scott
Item::enclosureUrl = 
Item::enclosureType = 
Item::date = Mon, 30 May 16 06:50:41 +0000
Item::publishedDate = Mon, 30 May 16 06:50:41 +0000
Item::updatedDate = Mon, 30 May 16 06:50:41 +0000
Item::isRTL() = false
Item::content = 507 bytes
----
Item::id = 38bbd15d
Item::title = AMA: embedded QA specialists?
Item::url = https://watirmelon.blog/2016/05/30/ama-embedded-qa-specialists/
Item::language = en
Item::author = Alister Scott
Item::enclosureUrl = 
Item::enclosureType = 
Item::date = Mon, 30 May 16 06:39:55 +0000
Item::publishedDate = Mon, 30 May 16 06:39:55 +0000
Item::updatedDate = Mon, 30 May 16 06:39:55 +0000
Item::isRTL() = false
Item::content = 524 bytes
----
Item::id = 92a1307f
Item::title = AMA: automation hooks bad practice?
Item::url = https://watirmelon.blog/2016/05/27/ama-automation-hooks-bad-practice/
Item::language = en
Item::author = Alister Scott
Item::enclosureUrl = 
Item::enclosureType = 
Item::date = Fri, 27 May 16 04:46:23 +0000
Item::publishedDate = Fri, 27 May 16 04:46:23 +0000
Item::updatedDate = Fri, 27 May 16 04:46:23 +0000
Item::isRTL() = false
Item::content = 542 bytes
----
Item::id = 101256f0
Item::title = The importance of testability, or how to avoid the nastiest xpath selector known to mankind
Item::url = https://watirmelon.blog/2016/05/26/the-importance-of-testability-or-how-to-avoid-the-nastiest-xpath-selector-known-to-mankind/
Item::language = en
Item::author = Alister Scott
Item::enclosureUrl = 
Item::enclosureType = 
Item::date = Thu, 26 May 16 09:48:50 +0000
Item::publishedDate = Thu, 26 May 16 09:48:50 +0000
Item::updatedDate = Thu, 26 May 16 09:48:50 +0000
Item::isRTL() = false
Item::content = 649 bytes
----
Item::id = 1a629223
Item::title = AMA: performance vs load testing (rubber bands vs watermelon)
Item::url = https://watirmelon.blog/2016/05/26/ama-performance-vs-load-testing-rubber-bands-vs-watermelon/
Item::language = en
Item::author = Alister Scott
Item::enclosureUrl = 
Item::enclosureType = 
Item::date = Thu, 26 May 16 05:59:29 +0000
Item::publishedDate = Thu, 26 May 16 05:59:29 +0000
Item::updatedDate = Thu, 26 May 16 05:59:29 +0000
Item::isRTL() = false
Item::content = 602 bytes
----
Item::id = a846905a
Item::title = AMA: adopting a TDD/BDD approach
Item::url = https://watirmelon.blog/2016/05/26/ama-adopting-a-tddbdd-approach/
Item::language = en
Item::author = Alister Scott
Item::enclosureUrl = 
Item::enclosureType = 
Item::date = Thu, 26 May 16 05:41:18 +0000
Item::publishedDate = Thu, 26 May 16 05:41:18 +0000
Item::updatedDate = Thu, 26 May 16 05:41:18 +0000
Item::isRTL() = false
Item::content = 475 bytes
----
Item::id = 816f2156
Item::title = AMA: Learning JavaScript automation & starting e2e tests
Item::url = https://watirmelon.blog/2016/05/26/ama-learning-javascript-automation-starting-e2e-tests/
Item::language = en
Item::author = Alister Scott
Item::enclosureUrl = 
Item::enclosureType = 
Item::date = Thu, 26 May 16 05:33:35 +0000
Item::publishedDate = Thu, 26 May 16 05:33:35 +0000
Item::updatedDate = Thu, 26 May 16 05:33:35 +0000
Item::isRTL() = false
Item::content = 570 bytes
----
Item::id = 62a8a971
Item::title = AMA: gaining confidence without integration tests
Item::url = https://watirmelon.blog/2016/05/26/ama-gaining-confidence-without-integration-tests/
Item::language = en
Item::author = Alister Scott
Item::enclosureUrl = 
Item::enclosureType = 
Item::date = Thu, 26 May 16 04:40:48 +0000
Item::publishedDate = Thu, 26 May 16 04:40:48 +0000
Item::updatedDate = Thu, 26 May 16 04:40:48 +0000
Item::isRTL() = false
Item::content = 550 bytes
----
Item::id = a0e65f87
Item::title = AMA: the future of QA roles
Item::url = https://watirmelon.blog/2016/05/24/ama-the-future-of-qa-roles/
Item::language = en
Item::author = Alister Scott
Item::enclosureUrl = 
Item::enclosureType = 
Item::date = Tue, 24 May 16 05:43:16 +0000
Item::publishedDate = Tue, 24 May 16 05:43:16 +0000
Item::updatedDate = Tue, 24 May 16 05:43:16 +0000
Item::isRTL() = false
Item::content = 474 bytes
----
Item::id = d8f88d14
Item::title = AMA: the test analyst engineer divide
Item::url = https://watirmelon.blog/2016/05/24/ama-the-test-analyst-engineer-divide/
Item::language = en
Item::author = Alister Scott
Item::enclosureUrl = 
Item::enclosureType = 
Item::date = Tue, 24 May 16 05:34:25 +0000
Item::publishedDate = Tue, 24 May 16 05:34:25 +0000
Item::updatedDate = Tue, 24 May 16 05:34:25 +0000
Item::isRTL() = false
Item::content = 579 bytes
----
Item::id = ac39357a
Item::title = AMA: describing our work
Item::url = https://watirmelon.blog/2016/05/24/ama-describing-our-work/
Item::language = en
Item::author = Alister Scott
Item::enclosureUrl = 
Item::enclosureType = 
Item::date = Tue, 24 May 16 03:41:22 +0000
Item::publishedDate = Tue, 24 May 16 03:41:22 +0000
Item::updatedDate = Tue, 24 May 16 03:41:22 +0000
Item::isRTL() = false
Item::content = 461 bytes
----
Item::id = 76a7c90e
Item::title = AMA: C# WebDriver Questions
Item::url = https://watirmelon.blog/2016/05/23/ama-c-webdriver-questions/
Item::language = en
Item::author = Alister Scott
Item::enclosureUrl = 
Item::enclosureType = 
Item::date = Mon, 23 May 16 07:03:15 +0000
Item::publishedDate = Mon, 23 May 16 07:03:15 +0000
Item::updatedDate = Mon, 23 May 16 07:03:15 +0000
Item::isRTL() = false
Item::content = 526 bytes
----
Item::id = 9695983d
Item::title = AMA: more details about our JS e2e tests
Item::url = https://watirmelon.blog/2016/05/23/ama-more-details-about-our-js-e2e-tests/
Item::language = en
Item::author = Alister Scott
Item::enclosureUrl = 
Item::enclosureType = 
Item::date = Mon, 23 May 16 06:37:33 +0000
Item::publishedDate = Mon, 23 May 16 06:37:33 +0000
Item::updatedDate = Mon, 23 May 16 06:37:33 +0000
Item::isRTL() = false
Item::content = 502 bytes
----
Item::id = fa8d7b25
Item::title = AMA: Time Estimation
Item::url = https://watirmelon.blog/2016/05/19/ama-time-estimation/
Item::language = en
Item::author = Alister Scott
Item::enclosureUrl = 
Item::enclosureType = 
Item::date = Thu, 19 May 16 12:04:10 +0000
Item::publishedDate = Thu, 19 May 16 12:04:10 +0000
Item::updatedDate = Thu, 19 May 16 12:04:10 +0000
Item::isRTL() = false
Item::content = 503 bytes
----
Item::id = 1ef3deda
Item::title = AMA: Mocha this.timeout Duplication
Item::url = https://watirmelon.blog/2016/05/18/ama-mocha-this-timeout-duplication/
Item::language = en
Item::author = Alister Scott
Item::enclosureUrl = 
Item::enclosureType = 
Item::date = Wed, 18 May 16 05:12:31 +0000
Item::publishedDate = Wed, 18 May 16 05:12:31 +0000
Item::updatedDate = Wed, 18 May 16 05:12:31 +0000
Item::isRTL() = false
Item::content = 525 bytes
----
Item::id = 93fcbeeb
Item::title = AMA: the eye above my testing pyramid
Item::url = https://watirmelon.blog/2016/05/18/ama-the-eye-above-my-testing-pyramid/
Item::language = en
Item::author = Alister Scott
Item::enclosureUrl = 
Item::enclosureType = 
Item::date = Wed, 18 May 16 04:43:11 +0000
Item::publishedDate = Wed, 18 May 16 04:43:11 +0000
Item::updatedDate = Wed, 18 May 16 04:43:11 +0000
Item::isRTL() = false
Item::content = 550 bytes
----
Item::id = f5317d9b
Item::title = AMA: automation testing channel
Item::url = https://watirmelon.blog/2016/05/12/ama-automation-testing-channel/
Item::language = en
Item::author = Alister Scott
Item::enclosureUrl = 
Item::enclosureType = 
Item::date = Thu, 12 May 16 07:43:51 +0000
Item::publishedDate = Thu, 12 May 16 07:43:51 +0000
Item::updatedDate = Thu, 12 May 16 07:43:51 +0000
Item::isRTL() = false
Item::content = 543 bytes
----
Item::id = ae1daff0
Item::title = AMA: reusing the same browser for different automated tests
Item::url = https://watirmelon.blog/2016/05/12/ama-reusing-the-same-browser-for-different-automated-tests/
Item::language = en
Item::author = Alister Scott
Item::enclosureUrl = 
Item::enclosureType = 
Item::date = Thu, 12 May 16 07:35:22 +0000
Item::publishedDate = Thu, 12 May 16 07:35:22 +0000
Item::updatedDate = Thu, 12 May 16 07:35:22 +0000
Item::isRTL() = false
Item::content = 550 bytes
----
Item::id = 4013cedc
Item::title = AMA: QA tools and resources when starting out
Item::url = https://watirmelon.blog/2016/05/12/ama-qa-tools-and-resources-when-starting-out/
Item::language = en
Item::author = Alister Scott
Item::enclosureUrl = 
Item::enclosureType = 
Item::date = Thu, 12 May 16 07:27:30 +0000
Item::publishedDate = Thu, 12 May 16 07:27:30 +0000
Item::updatedDate = Thu, 12 May 16 07:27:30 +0000
Item::isRTL() = false
Item::content = 545 bytes
----
Item::id = 12e225bb
Item::title = AMA: Cross-browser Testing
Item::url = https://watirmelon.blog/2016/05/12/ama-cross-browser-testing/
Item::language = en
Item::author = Alister Scott
Item::enclosureUrl = 
Item::enclosureType = 
Item::date = Thu, 12 May 16 07:24:26 +0000
Item::publishedDate = Thu, 12 May 16 07:24:26 +0000
Item::updatedDate = Thu, 12 May 16 07:24:26 +0000
Item::isRTL() = false
Item::content = 512 bytes
----
Item::id = f55a08bc
Item::title = AMA: how to cope as a solo tester
Item::url = https://watirmelon.blog/2016/05/12/ama-how-to-cope-as-a-solo-tester/
Item::language = en
Item::author = Alister Scott
Item::enclosureUrl = 
Item::enclosureType = 
Item::date = Thu, 12 May 16 06:17:56 +0000
Item::publishedDate = Thu, 12 May 16 06:17:56 +0000
Item::updatedDate = Thu, 12 May 16 06:17:56 +0000
Item::isRTL() = false
Item::content = 472 bytes
----
Item::id = 3c2a9da4
Item::title = WordPress.com e2e Tests
Item::url = https://watirmelon.blog/2016/05/12/wordpress-com-e2e-tests/
Item::language = en
Item::author = Alister Scott
Item::enclosureUrl = 
Item::enclosureType = 
Item::date = Thu, 12 May 16 02:15:01 +0000
Item::publishedDate = Thu, 12 May 16 02:15:01 +0000
Item::updatedDate = Thu, 12 May 16 02:15:01 +0000
Item::isRTL() = false
Item::content = 213 bytes
----
Item::id = 8530fc33
Item::title = AMA: running e2e tests continually
Item::url = https://watirmelon.blog/2016/05/10/ama-running-e2e-tests-continually/
Item::language = en
Item::author = Alister Scott
Item::enclosureUrl = 
Item::enclosureType = 
Item::date = Tue, 10 May 16 09:39:50 +0000
Item::publishedDate = Tue, 10 May 16 09:39:50 +0000
Item::updatedDate = Tue, 10 May 16 09:39:50 +0000
Item::isRTL() = false
Item::content = 543 bytes
----
Item::id = 6b3e9d1f
Item::title = AMA: product APIs for test automation
Item::url = https://watirmelon.blog/2016/05/09/ama-product-apis-for-test-automation/
Item::language = en
Item::author = Alister Scott
Item::enclosureUrl = 
Item::enclosureType = 
Item::date = Mon, 09 May 16 07:26:04 +0000
Item::publishedDate = Mon, 09 May 16 07:26:04 +0000
Item::updatedDate = Mon, 09 May 16 07:26:04 +0000
Item::isRTL() = false
Item::content = 558 bytes
----
Item::id = 0bf914fa
Item::title = AMA: handling the database
Item::url = https://watirmelon.blog/2016/05/09/ama-handling-the-database/
Item::language = en
Item::author = Alister Scott
Item::enclosureUrl = 
Item::enclosureType = 
Item::date = Mon, 09 May 16 07:09:07 +0000
Item::publishedDate = Mon, 09 May 16 07:09:07 +0000
Item::updatedDate = Mon, 09 May 16 07:09:07 +0000
Item::isRTL() = false
Item::content = 488 bytes
----
Item::id = f713af07
Item::title = WordPress.com e2e Automated Tests Now Open Source
Item::url = https://watirmelon.blog/2016/05/05/wordpress-com-e2e-automated-tests-now-open-source/
Item::language = en
Item::author = Alister Scott
Item::enclosureUrl = 
Item::enclosureType = 
Item::date = Thu, 05 May 16 01:43:47 +0000
Item::publishedDate = Thu, 05 May 16 01:43:47 +0000
Item::updatedDate = Thu, 05 May 16 01:43:47 +0000
Item::isRTL() = false
Item::content = 550 bytes
----
Item::id = 7b9cf997
Item::title = The craziest bug I have ever seen
Item::url = https://watirmelon.blog/2016/04/29/the-craziest-bug-i-have-ever-seen/
Item::language = en
Item::author = Alister Scott
Item::enclosureUrl = http://videos.files.wordpress.com/cgU3D3XN/bsod-via-website_hd.mp4
Item::enclosureType = video/mp4
Item::date = Fri, 29 Apr 16 05:18:51 +0000
Item::publishedDate = Fri, 29 Apr 16 05:18:51 +0000
Item::updatedDate = Fri, 29 Apr 16 05:18:51 +0000
Item::isRTL() = false
Item::content = 508 bytes
----
Item::id = 75486847
Item::title = AMA: R.Y.O. Page Objects 2.0
Item::url = https://watirmelon.blog/2016/04/29/ama-r-y-o-page-objects-2-0/
Item::language = en
Item::author = Alister Scott
Item::enclosureUrl = 
Item::enclosureType = 
Item::date = Fri, 29 Apr 16 01:35:37 +0000
Item::publishedDate = Fri, 29 Apr 16 01:35:37 +0000
Item::updatedDate = Fri, 29 Apr 16 01:35:37 +0000
Item::isRTL() = false
Item::content = 492 bytes
----
Item::id = eb2cfde4
Item::title = AMA: Async JavaScript Tests?
Item::url = https://watirmelon.blog/2016/04/29/ama-async-javascript-tests/
Item::language = en
Item::author = Alister Scott
Item::enclosureUrl = 
Item::enclosureType = 
Item::date = Fri, 29 Apr 16 01:01:40 +0000
Item::publishedDate = Fri, 29 Apr 16 01:01:40 +0000
Item::updatedDate = Fri, 29 Apr 16 01:01:40 +0000
Item::isRTL() = false
Item::content = 498 bytes
----
Item::id = 05229cc8
Item::title = AMA: balance between testing activities
Item::url = https://watirmelon.blog/2016/04/28/ama-balance-between-testing-activities/
Item::language = en
Item::author = Alister Scott
Item::enclosureUrl = 
Item::enclosureType = 
Item::date = Thu, 28 Apr 16 05:55:46 +0000
Item::publishedDate = Thu, 28 Apr 16 05:55:46 +0000
Item::updatedDate = Thu, 28 Apr 16 05:55:46 +0000
Item::isRTL() = false
Item::content = 543 bytes
----
Item::id = 4b46d815
Item::title = AMA: junior QA professional development
Item::url = https://watirmelon.blog/2016/04/28/ama-junior-qa-professional-development/
Item::language = en
Item::author = Alister Scott
Item::enclosureUrl = 
Item::enclosureType = 
Item::date = Thu, 28 Apr 16 05:26:06 +0000
Item::publishedDate = Thu, 28 Apr 16 05:26:06 +0000
Item::updatedDate = Thu, 28 Apr 16 05:26:06 +0000
Item::isRTL() = false
Item::content = 506 bytes
----
Item::id = b5e5c453
Item::title = AMA: hiring technical testers
Item::url = https://watirmelon.blog/2016/04/28/ama-hiring-technical-testers/
Item::language = en
Item::author = Alister Scott
Item::enclosureUrl = 
Item::enclosureType = 
Item::date = Thu, 28 Apr 16 04:52:53 +0000
Item::publishedDate = Thu, 28 Apr 16 04:52:53 +0000
Item::updatedDate = Thu, 28 Apr 16 04:52:53 +0000
Item::isRTL() = false
Item::content = 516 bytes
----
Item::id = d24f89af
Item::title = AMA: exciting technologies on my radar
Item::url = https://watirmelon.blog/2016/04/26/ama-exciting-technologies-on-my-radar/
Item::language = en
Item::author = Alister Scott
Item::enclosureUrl = 
Item::enclosureType = 
Item::date = Tue, 26 Apr 16 05:56:30 +0000
Item::publishedDate = Tue, 26 Apr 16 05:56:30 +0000
Item::updatedDate = Tue, 26 Apr 16 05:56:30 +0000
Item::isRTL() = false
Item::content = 538 bytes
----
Item::id = c2e2f4c5
Item::title = AMA: test automation tooling for MS web stack?
Item::url = https://watirmelon.blog/2016/04/26/ama-test-automation-tooling-for-ms-web-stack/
Item::language = en
Item::author = Alister Scott
Item::enclosureUrl = 
Item::enclosureType = 
Item::date = Tue, 26 Apr 16 05:15:36 +0000
Item::publishedDate = Tue, 26 Apr 16 05:15:36 +0000
Item::updatedDate = Tue, 26 Apr 16 05:15:36 +0000
Item::isRTL() = false
Item::content = 559 bytes
----
Item::id = 525de954
Item::title = AMA: testing and technical debt
Item::url = https://watirmelon.blog/2016/04/26/ama-testing-and-technical-debt/
Item::language = en
Item::author = Alister Scott
Item::enclosureUrl = 
Item::enclosureType = 
Item::date = Tue, 26 Apr 16 05:07:41 +0000
Item::publishedDate = Tue, 26 Apr 16 05:07:41 +0000
Item::updatedDate = Tue, 26 Apr 16 05:07:41 +0000
Item::isRTL() = false
Item::content = 487 bytes
----
Item::id = 69f2a65a
Item::title = AMA: SpecDriver license?
Item::url = https://watirmelon.blog/2016/04/26/ama-specdriver-license/
Item::language = en
Item::author = Alister Scott
Item::enclosureUrl = 
Item::enclosureType = 
Item::date = Tue, 26 Apr 16 04:10:05 +0000
Item::publishedDate = Tue, 26 Apr 16 04:10:05 +0000
Item::updatedDate = Tue, 26 Apr 16 04:10:05 +0000
Item::isRTL() = false
Item::content = 502 bytes
----
Item::id = 22371ddb
Item::title = AMA: helping change ways
Item::url = https://watirmelon.blog/2016/04/19/ama-helping-change-ways/
Item::language = en
Item::author = Alister Scott
Item::enclosureUrl = 
Item::enclosureType = 
Item::date = Tue, 19 Apr 16 06:19:10 +0000
Item::publishedDate = Tue, 19 Apr 16 06:19:10 +0000
Item::updatedDate = Tue, 19 Apr 16 06:19:10 +0000
Item::isRTL() = false
Item::content = 519 bytes
----
Item::id = 327dd89c
Item::title = AMA: Starting a Blog
Item::url = https://watirmelon.blog/2016/04/15/ama-starting-a-blog/
Item::language = en
Item::author = Alister Scott
Item::enclosureUrl = 
Item::enclosureType = 
Item::date = Fri, 15 Apr 16 11:01:46 +0000
Item::publishedDate = Fri, 15 Apr 16 11:01:46 +0000
Item::updatedDate = Fri, 15 Apr 16 11:01:46 +0000
Item::isRTL() = false
Item::content = 469 bytes
----
Item::id = 2b66e9dd
Item::title = AMA: bdd frameworks, api test tools & unit testing responsibility
Item::url = https://watirmelon.blog/2016/04/13/ama-bdd-frameworks-api-test-tools-unit-testing-responsibility/
Item::language = en
Item::author = Alister Scott
Item::enclosureUrl = 
Item::enclosureType = 
Item::date = Wed, 13 Apr 16 07:33:44 +0000
Item::publishedDate = Wed, 13 Apr 16 07:33:44 +0000
Item::updatedDate = Wed, 13 Apr 16 07:33:44 +0000
Item::isRTL() = false
Item::content = 632 bytes
----
Item::id = 51bd51ff
Item::title = AMA: blogs to read
Item::url = https://watirmelon.blog/2016/04/12/ama-blogs-to-read/
Item::language = en
Item::author = Alister Scott
Item::enclosureUrl = 
Item::enclosureType = 
Item::date = Tue, 12 Apr 16 09:47:48 +0000
Item::publishedDate = Tue, 12 Apr 16 09:47:48 +0000
Item::updatedDate = Tue, 12 Apr 16 09:47:48 +0000
Item::isRTL() = false
Item::content = 483 bytes
----
Item::id = 5c61d94b
Item::title = AMA: mobile automation tests
Item::url = https://watirmelon.blog/2016/04/12/ama-mobile-automation-tests/
Item::language = en
Item::author = Alister Scott
Item::enclosureUrl = 
Item::enclosureType = 
Item::date = Tue, 12 Apr 16 07:11:19 +0000
Item::publishedDate = Tue, 12 Apr 16 07:11:19 +0000
Item::updatedDate = Tue, 12 Apr 16 07:11:19 +0000
Item::isRTL() = false
Item::content = 470 bytes
----
Item::id = 17ad333e
Item::title = Testing in Production, Oops, No ‘Undo’
Item::url = https://watirmelon.blog/2016/04/12/testing-in-production-oops-no-undo/
Item::language = en
Item::author = Alister Scott
Item::enclosureUrl = 
Item::enclosureType = 
Item::date = Tue, 12 Apr 16 06:36:47 +0000
Item::publishedDate = Tue, 12 Apr 16 06:36:47 +0000
Item::updatedDate = Tue, 12 Apr 16 06:36:47 +0000
Item::isRTL() = false
Item::content = 525 bytes
----
Item::id = bbd9f44c
Item::title = AMA: tools for managing test cases
Item::url = https://watirmelon.blog/2016/04/11/ama-tools-for-managing-test-cases/
Item::language = en
Item::author = Alister Scott
Item::enclosureUrl = 
Item::enclosureType = 
Item::date = Mon, 11 Apr 16 04:33:55 +0000
Item::publishedDate = Mon, 11 Apr 16 04:33:55 +0000
Item::updatedDate = Mon, 11 Apr 16 04:33:55 +0000
Item::isRTL() = false
Item::content = 517 bytes
----
Item::id = 52ba5179
Item::title = AMA: integration tests to block pull requests?
Item::url = https://watirmelon.blog/2016/04/11/ama-integration-tests-to-block-pull-requests/
Item::language = en
Item::author = Alister Scott
Item::enclosureUrl = 
Item::enclosureType = 
Item::date = Mon, 11 Apr 16 04:11:11 +0000
Item::publishedDate = Mon, 11 Apr 16 04:11:11 +0000
Item::updatedDate = Mon, 11 Apr 16 04:11:11 +0000
Item::isRTL() = false
Item::content = 517 bytes
----
Item::id = e7f39719
Item::title = AMA: are test cases redundant?
Item::url = https://watirmelon.blog/2016/04/08/ama-are-test-cases-redundant/
Item::language = en
Item::author = Alister Scott
Item::enclosureUrl = 
Item::enclosureType = 
Item::date = Fri, 08 Apr 16 07:14:48 +0000
Item::publishedDate = Fri, 08 Apr 16 07:14:48 +0000
Item::updatedDate = Fri, 08 Apr 16 07:14:48 +0000
Item::isRTL() = false
Item::content = 486 bytes
----
Item::id = 09fdf635
Item::title = AMA: Any more talks planned?
Item::url = https://watirmelon.blog/2016/04/08/ama-any-more-talks-planned/
Item::language = en
Item::author = Alister Scott
Item::enclosureUrl = 
Item::enclosureType = 
Item::date = Fri, 08 Apr 16 06:42:52 +0000
Item::publishedDate = Fri, 08 Apr 16 06:42:52 +0000
Item::updatedDate = Fri, 08 Apr 16 06:42:52 +0000
Item::isRTL() = false
Item::content = 501 bytes
----
Item::id = 97996396
Item::title = AMA: managing test data
Item::url = https://watirmelon.blog/2016/04/07/ama-managing-test-data/
Item::language = en
Item::author = Alister Scott
Item::enclosureUrl = 
Item::enclosureType = 
Item::date = Thu, 07 Apr 16 06:55:18 +0000
Item::publishedDate = Thu, 07 Apr 16 06:55:18 +0000
Item::updatedDate = Thu, 07 Apr 16 06:55:18 +0000
Item::isRTL() = false
Item::content = 490 bytes
----
Item::id = 799702ba
Item::title = AMA: flakiness after deployment?
Item::url = https://watirmelon.blog/2016/04/07/ama-flakiness-after-deployment/
Item::language = en
Item::author = Alister Scott
Item::enclosureUrl = 
Item::enclosureType = 
Item::date = Thu, 07 Apr 16 05:19:18 +0000
Item::publishedDate = Thu, 07 Apr 16 05:19:18 +0000
Item::updatedDate = Thu, 07 Apr 16 05:19:18 +0000
Item::isRTL() = false
Item::content = 474 bytes
----
Item::id = 6e57bbc9
Item::title = AMA: data creation for UI tests
Item::url = https://watirmelon.blog/2016/04/07/ama-data-creation-for-ui-tests/
Item::language = en
Item::author = Alister Scott
Item::enclosureUrl = 
Item::enclosureType = 
Item::date = Wed, 06 Apr 16 21:02:23 +0000
Item::publishedDate = Wed, 06 Apr 16 21:02:23 +0000
Item::updatedDate = Wed, 06 Apr 16 21:02:23 +0000
Item::isRTL() = false
Item::content = 515 bytes
----
Item::id = 8e8252d7
Item::title = AMA: JS vs Ruby
Item::url = https://watirmelon.blog/2016/04/06/ama-js-vs-ruby/
Item::language = en
Item::author = Alister Scott
Item::enclosureUrl = 
Item::enclosureType = 
Item::date = Wed, 06 Apr 16 12:00:37 +0000
Item::publishedDate = Wed, 06 Apr 16 12:00:37 +0000
Item::updatedDate = Wed, 06 Apr 16 12:00:37 +0000
Item::isRTL() = false
Item::content = 458 bytes
----
Item::id = 21162d0e
Item::title = AMA: RestAssured or similar tools for integration tests?
Item::url = https://watirmelon.blog/2016/04/06/ama-restassured-or-similar-tools-for-integration-tests/
Item::language = en
Item::author = Alister Scott
Item::enclosureUrl = 
Item::enclosureType = 
Item::date = Wed, 06 Apr 16 06:49:55 +0000
Item::publishedDate = Wed, 06 Apr 16 06:49:55 +0000
Item::updatedDate = Wed, 06 Apr 16 06:49:55 +0000
Item::isRTL() = false
Item::content = 571 bytes
----
Item::id = de775b7f
Item::title = Update on ‘Ask Me Anything’
Item::url = https://watirmelon.blog/2016/03/24/update-on-ask-me-anything/
Item::language = en
Item::author = Alister Scott
Item::enclosureUrl = 
Item::enclosureType = 
Item::date = Thu, 24 Mar 16 07:34:12 +0000
Item::publishedDate = Thu, 24 Mar 16 07:34:12 +0000
Item::updatedDate = Thu, 24 Mar 16 07:34:12 +0000
Item::isRTL() = false
Item::content = 468 bytes
----
Item::id = d6be810b
Item::title = AMA: why flaky tests for GTAC?
Item::url = https://watirmelon.blog/2016/03/24/ama-why-flaky-tests-for-gtac/
Item::language = en
Item::author = Alister Scott
Item::enclosureUrl = 
Item::enclosureType = 
Item::date = Thu, 24 Mar 16 04:07:58 +0000
Item::publishedDate = Thu, 24 Mar 16 04:07:58 +0000
Item::updatedDate = Thu, 24 Mar 16 04:07:58 +0000
Item::isRTL() = false
Item::content = 519 bytes
----
Item::id = ce67da7d
Item::title = A Testing Question?
Item::url = https://watirmelon.blog/2016/03/24/a-testing-question/
Item::language = en
Item::author = Alister Scott
Item::enclosureUrl = 
Item::enclosureType = 
Item::date = Thu, 24 Mar 16 02:35:35 +0000
Item::publishedDate = Thu, 24 Mar 16 02:35:35 +0000
Item::updatedDate = Thu, 24 Mar 16 02:35:35 +0000
Item::isRTL() = false
Item::content = 174 bytes
----
Item::id = 6ceea56e
Item::title = Continuous Integration/Testing/Delivery/Deployment
Item::url = https://watirmelon.blog/2016/03/24/continuous-integrationtestingdeliverydeployment/
Item::language = en
Item::author = Alister Scott
Item::enclosureUrl = 
Item::enclosureType = 
Item::date = Thu, 24 Mar 16 01:05:22 +0000
Item::publishedDate = Thu, 24 Mar 16 01:05:22 +0000
Item::updatedDate = Thu, 24 Mar 16 01:05:22 +0000
Item::isRTL() = false
Item::content = 625 bytes
----
Item::id = ea536bbb
Item::title = AMA: another book?
Item::url = https://watirmelon.blog/2016/03/21/ama-another-book/
Item::language = en
Item::author = Alister Scott
Item::enclosureUrl = 
Item::enclosureType = 
Item::date = Mon, 21 Mar 16 06:04:56 +0000
Item::publishedDate = Mon, 21 Mar 16 06:04:56 +0000
Item::updatedDate = Mon, 21 Mar 16 06:04:56 +0000
Item::isRTL() = false
Item::content = 482 bytes
----
Item::id = aae5f6a0
Item::title = AMA: testing business logic in the UI
Item::url = https://watirmelon.blog/2016/03/21/ama-testing-business-logic-in-the-ui/
Item::language = en
Item::author = Alister Scott
Item::enclosureUrl = 
Item::enclosureType = 
Item::date = Mon, 21 Mar 16 05:35:21 +0000
Item::publishedDate = Mon, 21 Mar 16 05:35:21 +0000
Item::updatedDate = Mon, 21 Mar 16 05:35:21 +0000
Item::isRTL() = false
Item::content = 510 bytes
----
Item::id = 792afed2
Item::title = AMA: intention vs implementation cucumber scenarios
Item::url = https://watirmelon.blog/2016/03/21/ama-intention-vs-implementation-cucumber-scenarios/
Item::language = en
Item::author = Alister Scott
Item::enclosureUrl = 
Item::enclosureType = 
Item::date = Mon, 21 Mar 16 05:03:31 +0000
Item::publishedDate = Mon, 21 Mar 16 05:03:31 +0000
Item::updatedDate = Mon, 21 Mar 16 05:03:31 +0000
Item::isRTL() = false
Item::content = 612 bytes
----
Item::id = 4bf27589
Item::title = AMA: JavaScript & Mobile App Automation Tools
Item::url = https://watirmelon.blog/2016/03/17/ama-javascript-mobile-app-automation-tools/
Item::language = en
Item::author = Alister Scott
Item::enclosureUrl = 
Item::enclosureType = 
Item::date = Thu, 17 Mar 16 07:02:11 +0000
Item::publishedDate = Thu, 17 Mar 16 07:02:11 +0000
Item::updatedDate = Thu, 17 Mar 16 07:02:11 +0000
Item::isRTL() = false
Item::content = 529 bytes
----
Item::id = 31e845d5
Item::title = AMA: ranking automated testing attributes, in order of importance
Item::url = https://watirmelon.blog/2016/03/16/ama-ranking-automated-testing-attributes-in-order-of-importance/
Item::language = en
Item::author = Alister Scott
Item::enclosureUrl = 
Item::enclosureType = 
Item::date = Wed, 16 Mar 16 07:07:40 +0000
Item::publishedDate = Wed, 16 Mar 16 07:07:40 +0000
Item::updatedDate = Wed, 16 Mar 16 07:07:40 +0000
Item::isRTL() = false
Item::content = 584 bytes
----
Item::id = 83cc47ac
Item::title = AMA: Mobile simulators/emulators or real devices for testing?
Item::url = https://watirmelon.blog/2016/03/16/ama-mobile-simulatorsemulators-or-real-devices-for-testing/
Item::language = en
Item::author = Alister Scott
Item::enclosureUrl = 
Item::enclosureType = 
Item::date = Wed, 16 Mar 16 02:08:30 +0000
Item::publishedDate = Wed, 16 Mar 16 02:08:30 +0000
Item::updatedDate = Wed, 16 Mar 16 02:08:30 +0000
Item::isRTL() = false
Item::content = 596 bytes
----
Item::id = d737e65e
Item::title = AMA: What is the biggest racket in the IT industry right now?
Item::url = https://watirmelon.blog/2016/03/15/ama-what-is-the-biggest-racket-in-the-it-industry-right-now/
Item::language = en
Item::author = Alister Scott
Item::enclosureUrl = 
Item::enclosureType = 
Item::date = Tue, 15 Mar 16 07:39:25 +0000
Item::publishedDate = Tue, 15 Mar 16 07:39:25 +0000
Item::updatedDate = Tue, 15 Mar 16 07:39:25 +0000
Item::isRTL() = false
Item::content = 597 bytes
----
Item::id = 20c50e1e
Item::title = AMA: How do you teach someone exploratory testing?
Item::url = https://watirmelon.blog/2016/03/15/ama-how-do-you-teach-someone-exploratory-testing/
Item::language = en
Item::author = Alister Scott
Item::enclosureUrl = 
Item::enclosureType = 
Item::date = Tue, 15 Mar 16 06:36:36 +0000
Item::publishedDate = Tue, 15 Mar 16 06:36:36 +0000
Item::updatedDate = Tue, 15 Mar 16 06:36:36 +0000
Item::isRTL() = false
Item::content = 524 bytes
----
Item::id = 5adf3e42
Item::title = AMA: Page Object Best Practices
Item::url = https://watirmelon.blog/2016/03/15/ama-page-object-best-practices/
Item::language = en
Item::author = Alister Scott
Item::enclosureUrl = 
Item::enclosureType = 
Item::date = Tue, 15 Mar 16 05:54:26 +0000
Item::publishedDate = Tue, 15 Mar 16 05:54:26 +0000
Item::updatedDate = Tue, 15 Mar 16 05:54:26 +0000
Item::isRTL() = false
Item::content = 509 bytes
----
Item::id = 9ffc0cad
Item::title = AMA: How to be a better blogger
Item::url = https://watirmelon.blog/2016/03/11/ama-how-to-be-a-better-blogger/
Item::language = en
Item::author = Alister Scott
Item::enclosureUrl = 
Item::enclosureType = 
Item::date = Fri, 11 Mar 16 07:09:42 +0000
Item::publishedDate = Fri, 11 Mar 16 07:09:42 +0000
Item::updatedDate = Fri, 11 Mar 16 07:09:42 +0000
Item::isRTL() = false
Item::content = 504 bytes

[2017-05-12 16:30:41] Item => f7956eba https://watirmelon.blog/2017/05/11/the-blurry-line-between-test-and-development/
[2017-05-12 16:30:41] Item parsed correctly
[2017-05-12 16:30:41] Item added to the database
[2017-05-12 16:30:41] Item => adf71bec https://watirmelon.blog/2017/05/10/staying-focused-with-one-conference-presentation-per-year/
[2017-05-12 16:30:41] Item parsed correctly
[2017-05-12 16:30:41] Item added to the database
[2017-05-12 16:30:41] Item => d0675784 https://watirmelon.blog/2017/05/08/the-future-of-testing-is-distributed/
[2017-05-12 16:30:41] Item parsed correctly
[2017-05-12 16:30:41] Item added to the database
[2017-05-12 16:30:41] Item => ea674f8c https://watirmelon.blog/2017/04/27/test-for-real-life/
[2017-05-12 16:30:41] Item parsed correctly
[2017-05-12 16:30:41] Item already in the database
[2017-05-12 16:30:41] Item => 555e4d3f https://watirmelon.blog/2017/04/05/save-password-prompts-in-chrome-57-with-webdriver/
[2017-05-12 16:30:41] Item parsed correctly
[2017-05-12 16:30:41] Item already in the database
[2017-05-12 16:30:41] Item => 9710bbc9 https://watirmelon.blog/2017/03/31/webdriverjs-select-lists-in-chrome/
[2017-05-12 16:30:41] Item parsed correctly
[2017-05-12 16:30:41] Item already in the database
[2017-05-12 16:30:41] Item => 29ebd34d https://watirmelon.blog/2017/03/17/using-chrome-extensions-with-webdriverjs/
[2017-05-12 16:30:41] Item parsed correctly
[2017-05-12 16:30:41] Item already in the database
[2017-05-12 16:30:41] Item => 1bddb1cf https://watirmelon.blog/2017/03/17/webdriverjs-mocha-in-selenium-3/
[2017-05-12 16:30:41] Item parsed correctly
[2017-05-12 16:30:41] Item already in the database
[2017-05-12 16:30:41] Item => 78dcb0d2 https://watirmelon.blog/2017/03/15/upgrading-webdriverjs-to-selenium-3/
[2017-05-12 16:30:41] Item parsed correctly
[2017-05-12 16:30:41] Item already in the database
[2017-05-12 16:30:41] Item => 674e1fee https://watirmelon.blog/2017/03/10/finding-a-home-for-your-content/
[2017-05-12 16:30:41] Item parsed correctly
[2017-05-12 16:30:41] Item already in the database
[2017-05-12 16:30:41] Item => 439d1605 https://watirmelon.blog/2017/03/09/computer-security-misc/
[2017-05-12 16:30:41] Item parsed correctly
[2017-05-12 16:30:41] Item already in the database
[2017-05-12 16:30:41] Item => c4e2b2e7 https://watirmelon.blog/2017/02/28/computer-security-vpns/
[2017-05-12 16:30:41] Item parsed correctly
[2017-05-12 16:30:41] Item already in the database
[2017-05-12 16:30:41] Item => 668c75d9 https://watirmelon.blog/2017/02/27/computer-security-multi-factor-authentication/
[2017-05-12 16:30:41] Item parsed correctly
[2017-05-12 16:30:41] Item already in the database
[2017-05-12 16:30:41] Item => a069cfce https://watirmelon.blog/2017/02/24/computer-security-password-managers/
[2017-05-12 16:30:41] Item parsed correctly
[2017-05-12 16:30:41] Item already in the database
[2017-05-12 16:30:41] Item => 95326955 https://watirmelon.blog/2017/02/23/computer-security-passwords/
[2017-05-12 16:30:41] Item parsed correctly
[2017-05-12 16:30:41] Item already in the database
[2017-05-12 16:30:41] Item => 13cdfb16 https://watirmelon.blog/2017/02/13/avoiding-boolean-traps-in-es6/
[2017-05-12 16:30:41] Item parsed correctly
[2017-05-12 16:30:41] Item already in the database
[2017-05-12 16:30:41] Item => 5c8c6dd1 https://watirmelon.blog/2017/02/10/make-sure-your-end-to-end-tests-align-with-your-companys-strategy/
[2017-05-12 16:30:41] Item parsed correctly
[2017-05-12 16:30:41] Item already in the database
[2017-05-12 16:30:41] Item => 0b14a060 https://watirmelon.blog/2016/12/30/feature-toggles-for-automated-e2e-tests/
[2017-05-12 16:30:41] Item parsed correctly
[2017-05-12 16:30:41] Item already in the database
[2017-05-12 16:30:41] Item => 17abe9b2 https://watirmelon.blog/2016/12/14/should-you-close-old-bugs/
[2017-05-12 16:30:41] Item parsed correctly
[2017-05-12 16:30:41] Item already in the database
[2017-05-12 16:30:41] Item => 29a559e0 https://watirmelon.blog/2016/10/17/minesweepers-anonymous/
[2017-05-12 16:30:41] Item parsed correctly
[2017-05-12 16:30:41] Item already in the database
[2017-05-12 16:30:41] Item => 5638a6b3 https://watirmelon.blog/2016/09/30/checking-web-element-styles-using-webdriverjs/
[2017-05-12 16:30:41] Item parsed correctly
[2017-05-12 16:30:41] Item already in the database
[2017-05-12 16:30:41] Item => 6c9d5a00 https://watirmelon.blog/2016/09/07/unit-testing-randomness/
[2017-05-12 16:30:41] Item parsed correctly
[2017-05-12 16:30:41] Item already in the database
[2017-05-12 16:30:41] Item => b72f259a https://watirmelon.blog/2016/08/23/welcome-to-watirmelon-blog/
[2017-05-12 16:30:41] Item parsed correctly
[2017-05-12 16:30:41] Item already in the database
[2017-05-12 16:30:41] Item => 372efe52 https://watirmelon.blog/2016/08/19/watirwebdriver-com-watir-github-io/
[2017-05-12 16:30:41] Item parsed correctly
[2017-05-12 16:30:41] Item already in the database
[2017-05-12 16:30:41] Item => a19ba956 https://watirmelon.blog/2016/08/18/100-code-coverage/
[2017-05-12 16:30:41] Item parsed correctly
[2017-05-12 16:30:41] Item already in the database
[2017-05-12 16:30:41] Item => 4bd93cb6 https://watirmelon.blog/2016/08/02/adding-your-own-webdriverjs-helper-methods/
[2017-05-12 16:30:41] Item parsed correctly
[2017-05-12 16:30:41] Item already in the database
[2017-05-12 16:30:41] Item => 438b2af9 https://watirmelon.blog/2016/07/22/how-we-communicate-at-automattic/
[2017-05-12 16:30:41] Item parsed correctly
[2017-05-12 16:30:41] Item already in the database
[2017-05-12 16:30:41] Item => 5f5cd9d5 https://watirmelon.blog/2016/07/12/prioritising-test-reliability-over-perfection/
[2017-05-12 16:30:41] Item parsed correctly
[2017-05-12 16:30:41] Item already in the database
[2017-05-12 16:30:41] Item => 784958c6 https://watirmelon.blog/2016/07/12/not-lying-about-writing-code/
[2017-05-12 16:30:41] Item parsed correctly
[2017-05-12 16:30:41] Item already in the database
[2017-05-12 16:30:41] Item => f3c9ee9c https://watirmelon.blog/2016/07/05/handling-javascript-alerts-when-leaving-a-page-with-webdriver/
[2017-05-12 16:30:41] Item parsed correctly
[2017-05-12 16:30:41] Item already in the database
[2017-05-12 16:30:41] Item => 1849114b https://watirmelon.blog/2016/06/29/using-webdriver-to-automatically-check-for-javascript-errors-on-every-page-2016-edition/
[2017-05-12 16:30:41] Item parsed correctly
[2017-05-12 16:30:41] Item already in the database
[2017-05-12 16:30:41] Item => d35613bb https://watirmelon.blog/2016/06/24/link-reviewing-a-context-driven-approach-to-automation-in-testing/
[2017-05-12 16:30:41] Item parsed correctly
[2017-05-12 16:30:41] Item already in the database
[2017-05-12 16:30:41] Item => 948d4ab9 https://watirmelon.blog/2016/06/17/should-you-raise-bugs-you-dont-know-how-to-reproduce/
[2017-05-12 16:30:41] Item parsed correctly
[2017-05-12 16:30:41] Item already in the database
[2017-05-12 16:30:41] Item => 276b22f7 https://watirmelon.blog/2016/06/02/the-importance-of-doing-customer-support/
[2017-05-12 16:30:41] Item parsed correctly
[2017-05-12 16:30:41] Item already in the database
[2017-05-12 16:30:41] Item => f9f2272d https://watirmelon.blog/2016/06/01/test-automation-why-record-and-replay-fails/
[2017-05-12 16:30:41] Item parsed correctly
[2017-05-12 16:30:41] Item already in the database
[2017-05-12 16:30:41] Item => 67710aa3 https://watirmelon.blog/2016/05/30/ask-me-anything-thats-a-wrap/
[2017-05-12 16:30:41] Item parsed correctly
[2017-05-12 16:30:41] Item already in the database
[2017-05-12 16:30:41] Item => 38bbd15d https://watirmelon.blog/2016/05/30/ama-embedded-qa-specialists/
[2017-05-12 16:30:41] Item parsed correctly
[2017-05-12 16:30:41] Item already in the database
[2017-05-12 16:30:41] Item => 92a1307f https://watirmelon.blog/2016/05/27/ama-automation-hooks-bad-practice/
[2017-05-12 16:30:41] Item parsed correctly
[2017-05-12 16:30:41] Item already in the database
[2017-05-12 16:30:41] Item => 101256f0 https://watirmelon.blog/2016/05/26/the-importance-of-testability-or-how-to-avoid-the-nastiest-xpath-selector-known-to-mankind/
[2017-05-12 16:30:41] Item parsed correctly
[2017-05-12 16:30:41] Item already in the database
[2017-05-12 16:30:41] Item => 1a629223 https://watirmelon.blog/2016/05/26/ama-performance-vs-load-testing-rubber-bands-vs-watermelon/
[2017-05-12 16:30:41] Item parsed correctly
[2017-05-12 16:30:41] Item already in the database
[2017-05-12 16:30:41] Item => a846905a https://watirmelon.blog/2016/05/26/ama-adopting-a-tddbdd-approach/
[2017-05-12 16:30:41] Item parsed correctly
[2017-05-12 16:30:41] Item already in the database
[2017-05-12 16:30:41] Item => 816f2156 https://watirmelon.blog/2016/05/26/ama-learning-javascript-automation-starting-e2e-tests/
[2017-05-12 16:30:41] Item parsed correctly
[2017-05-12 16:30:41] Item already in the database
[2017-05-12 16:30:41] Item => 62a8a971 https://watirmelon.blog/2016/05/26/ama-gaining-confidence-without-integration-tests/
[2017-05-12 16:30:41] Item parsed correctly
[2017-05-12 16:30:41] Item already in the database
[2017-05-12 16:30:41] Item => a0e65f87 https://watirmelon.blog/2016/05/24/ama-the-future-of-qa-roles/
[2017-05-12 16:30:41] Item parsed correctly
[2017-05-12 16:30:41] Item already in the database
[2017-05-12 16:30:41] Item => d8f88d14 https://watirmelon.blog/2016/05/24/ama-the-test-analyst-engineer-divide/
[2017-05-12 16:30:41] Item parsed correctly
[2017-05-12 16:30:41] Item already in the database
[2017-05-12 16:30:41] Item => ac39357a https://watirmelon.blog/2016/05/24/ama-describing-our-work/
[2017-05-12 16:30:41] Item parsed correctly
[2017-05-12 16:30:41] Item already in the database
[2017-05-12 16:30:41] Item => 76a7c90e https://watirmelon.blog/2016/05/23/ama-c-webdriver-questions/
[2017-05-12 16:30:41] Item parsed correctly
[2017-05-12 16:30:41] Item already in the database
[2017-05-12 16:30:41] Item => 9695983d https://watirmelon.blog/2016/05/23/ama-more-details-about-our-js-e2e-tests/
[2017-05-12 16:30:41] Item parsed correctly
[2017-05-12 16:30:41] Item already in the database
[2017-05-12 16:30:41] Item => fa8d7b25 https://watirmelon.blog/2016/05/19/ama-time-estimation/
[2017-05-12 16:30:41] Item parsed correctly
[2017-05-12 16:30:41] Item already in the database
[2017-05-12 16:30:41] Item => 1ef3deda https://watirmelon.blog/2016/05/18/ama-mocha-this-timeout-duplication/
[2017-05-12 16:30:41] Item parsed correctly
[2017-05-12 16:30:41] Item already in the database
[2017-05-12 16:30:41] Item => 93fcbeeb https://watirmelon.blog/2016/05/18/ama-the-eye-above-my-testing-pyramid/
[2017-05-12 16:30:41] Item parsed correctly
[2017-05-12 16:30:41] Item already in the database
[2017-05-12 16:30:41] Item => f5317d9b https://watirmelon.blog/2016/05/12/ama-automation-testing-channel/
[2017-05-12 16:30:41] Item parsed correctly
[2017-05-12 16:30:41] Item already in the database
[2017-05-12 16:30:41] Item => ae1daff0 https://watirmelon.blog/2016/05/12/ama-reusing-the-same-browser-for-different-automated-tests/
[2017-05-12 16:30:41] Item parsed correctly
[2017-05-12 16:30:41] Item already in the database
[2017-05-12 16:30:41] Item => 4013cedc https://watirmelon.blog/2016/05/12/ama-qa-tools-and-resources-when-starting-out/
[2017-05-12 16:30:41] Item parsed correctly
[2017-05-12 16:30:41] Item already in the database
[2017-05-12 16:30:41] Item => 12e225bb https://watirmelon.blog/2016/05/12/ama-cross-browser-testing/
[2017-05-12 16:30:41] Item parsed correctly
[2017-05-12 16:30:41] Item already in the database
[2017-05-12 16:30:41] Item => f55a08bc https://watirmelon.blog/2016/05/12/ama-how-to-cope-as-a-solo-tester/
[2017-05-12 16:30:41] Item parsed correctly
[2017-05-12 16:30:41] Item already in the database
[2017-05-12 16:30:41] Item => 3c2a9da4 https://watirmelon.blog/2016/05/12/wordpress-com-e2e-tests/
[2017-05-12 16:30:41] Item parsed correctly
[2017-05-12 16:30:41] Item already in the database
[2017-05-12 16:30:41] Item => 8530fc33 https://watirmelon.blog/2016/05/10/ama-running-e2e-tests-continually/
[2017-05-12 16:30:41] Item parsed correctly
[2017-05-12 16:30:41] Item already in the database
[2017-05-12 16:30:41] Item => 6b3e9d1f https://watirmelon.blog/2016/05/09/ama-product-apis-for-test-automation/
[2017-05-12 16:30:41] Item parsed correctly
[2017-05-12 16:30:41] Item already in the database
[2017-05-12 16:30:41] Item => 0bf914fa https://watirmelon.blog/2016/05/09/ama-handling-the-database/
[2017-05-12 16:30:41] Item parsed correctly
[2017-05-12 16:30:41] Item already in the database
[2017-05-12 16:30:41] Item => f713af07 https://watirmelon.blog/2016/05/05/wordpress-com-e2e-automated-tests-now-open-source/
[2017-05-12 16:30:41] Item parsed correctly
[2017-05-12 16:30:41] Item already in the database
[2017-05-12 16:30:41] Item => 7b9cf997 https://watirmelon.blog/2016/04/29/the-craziest-bug-i-have-ever-seen/
[2017-05-12 16:30:41] Item parsed correctly
[2017-05-12 16:30:41] Item already in the database
[2017-05-12 16:30:41] Item => 75486847 https://watirmelon.blog/2016/04/29/ama-r-y-o-page-objects-2-0/
[2017-05-12 16:30:41] Item parsed correctly
[2017-05-12 16:30:41] Item already in the database
[2017-05-12 16:30:41] Item => eb2cfde4 https://watirmelon.blog/2016/04/29/ama-async-javascript-tests/
[2017-05-12 16:30:41] Item parsed correctly
[2017-05-12 16:30:41] Item already in the database
[2017-05-12 16:30:41] Item => 05229cc8 https://watirmelon.blog/2016/04/28/ama-balance-between-testing-activities/
[2017-05-12 16:30:41] Item parsed correctly
[2017-05-12 16:30:41] Item already in the database
[2017-05-12 16:30:41] Item => 4b46d815 https://watirmelon.blog/2016/04/28/ama-junior-qa-professional-development/
[2017-05-12 16:30:41] Item parsed correctly
[2017-05-12 16:30:41] Item already in the database
[2017-05-12 16:30:41] Item => b5e5c453 https://watirmelon.blog/2016/04/28/ama-hiring-technical-testers/
[2017-05-12 16:30:41] Item parsed correctly
[2017-05-12 16:30:41] Item already in the database
[2017-05-12 16:30:41] Item => d24f89af https://watirmelon.blog/2016/04/26/ama-exciting-technologies-on-my-radar/
[2017-05-12 16:30:41] Item parsed correctly
[2017-05-12 16:30:41] Item already in the database
[2017-05-12 16:30:41] Item => c2e2f4c5 https://watirmelon.blog/2016/04/26/ama-test-automation-tooling-for-ms-web-stack/
[2017-05-12 16:30:41] Item parsed correctly
[2017-05-12 16:30:41] Item already in the database
[2017-05-12 16:30:41] Item => 525de954 https://watirmelon.blog/2016/04/26/ama-testing-and-technical-debt/
[2017-05-12 16:30:41] Item parsed correctly
[2017-05-12 16:30:41] Item already in the database
[2017-05-12 16:30:41] Item => 69f2a65a https://watirmelon.blog/2016/04/26/ama-specdriver-license/
[2017-05-12 16:30:41] Item parsed correctly
[2017-05-12 16:30:41] Item already in the database
[2017-05-12 16:30:41] Item => 22371ddb https://watirmelon.blog/2016/04/19/ama-helping-change-ways/
[2017-05-12 16:30:41] Item parsed correctly
[2017-05-12 16:30:41] Item already in the database
[2017-05-12 16:30:41] Item => 327dd89c https://watirmelon.blog/2016/04/15/ama-starting-a-blog/
[2017-05-12 16:30:41] Item parsed correctly
[2017-05-12 16:30:41] Item already in the database
[2017-05-12 16:30:41] Item => 2b66e9dd https://watirmelon.blog/2016/04/13/ama-bdd-frameworks-api-test-tools-unit-testing-responsibility/
[2017-05-12 16:30:41] Item parsed correctly
[2017-05-12 16:30:41] Item already in the database
[2017-05-12 16:30:41] Item => 51bd51ff https://watirmelon.blog/2016/04/12/ama-blogs-to-read/
[2017-05-12 16:30:41] Item parsed correctly
[2017-05-12 16:30:41] Item already in the database
[2017-05-12 16:30:41] Item => 5c61d94b https://watirmelon.blog/2016/04/12/ama-mobile-automation-tests/
[2017-05-12 16:30:41] Item parsed correctly
[2017-05-12 16:30:41] Item already in the database
[2017-05-12 16:30:41] Item => 17ad333e https://watirmelon.blog/2016/04/12/testing-in-production-oops-no-undo/
[2017-05-12 16:30:41] Item parsed correctly
[2017-05-12 16:30:41] Item already in the database
[2017-05-12 16:30:41] Item => bbd9f44c https://watirmelon.blog/2016/04/11/ama-tools-for-managing-test-cases/
[2017-05-12 16:30:41] Item parsed correctly
[2017-05-12 16:30:41] Item already in the database
[2017-05-12 16:30:41] Item => 52ba5179 https://watirmelon.blog/2016/04/11/ama-integration-tests-to-block-pull-requests/
[2017-05-12 16:30:41] Item parsed correctly
[2017-05-12 16:30:41] Item already in the database
[2017-05-12 16:30:41] Item => e7f39719 https://watirmelon.blog/2016/04/08/ama-are-test-cases-redundant/
[2017-05-12 16:30:41] Item parsed correctly
[2017-05-12 16:30:41] Item already in the database
[2017-05-12 16:30:41] Item => 09fdf635 https://watirmelon.blog/2016/04/08/ama-any-more-talks-planned/
[2017-05-12 16:30:41] Item parsed correctly
[2017-05-12 16:30:41] Item already in the database
[2017-05-12 16:30:41] Item => 97996396 https://watirmelon.blog/2016/04/07/ama-managing-test-data/
[2017-05-12 16:30:41] Item parsed correctly
[2017-05-12 16:30:41] Item already in the database
[2017-05-12 16:30:41] Item => 799702ba https://watirmelon.blog/2016/04/07/ama-flakiness-after-deployment/
[2017-05-12 16:30:41] Item parsed correctly
[2017-05-12 16:30:41] Item already in the database
[2017-05-12 16:30:41] Item => 6e57bbc9 https://watirmelon.blog/2016/04/07/ama-data-creation-for-ui-tests/
[2017-05-12 16:30:41] Item parsed correctly
[2017-05-12 16:30:41] Item already in the database
[2017-05-12 16:30:41] Item => 8e8252d7 https://watirmelon.blog/2016/04/06/ama-js-vs-ruby/
[2017-05-12 16:30:41] Item parsed correctly
[2017-05-12 16:30:41] Item already in the database
[2017-05-12 16:30:41] Item => 21162d0e https://watirmelon.blog/2016/04/06/ama-restassured-or-similar-tools-for-integration-tests/
[2017-05-12 16:30:41] Item parsed correctly
[2017-05-12 16:30:41] Item already in the database
[2017-05-12 16:30:41] Item => de775b7f https://watirmelon.blog/2016/03/24/update-on-ask-me-anything/
[2017-05-12 16:30:41] Item parsed correctly
[2017-05-12 16:30:41] Item already in the database
[2017-05-12 16:30:41] Item => d6be810b https://watirmelon.blog/2016/03/24/ama-why-flaky-tests-for-gtac/
[2017-05-12 16:30:41] Item parsed correctly
[2017-05-12 16:30:41] Item already in the database
[2017-05-12 16:30:41] Item => ce67da7d https://watirmelon.blog/2016/03/24/a-testing-question/
[2017-05-12 16:30:41] Item parsed correctly
[2017-05-12 16:30:41] Item already in the database
[2017-05-12 16:30:41] Item => 6ceea56e https://watirmelon.blog/2016/03/24/continuous-integrationtestingdeliverydeployment/
[2017-05-12 16:30:41] Item parsed correctly
[2017-05-12 16:30:41] Item already in the database
[2017-05-12 16:30:41] Item => ea536bbb https://watirmelon.blog/2016/03/21/ama-another-book/
[2017-05-12 16:30:41] Item parsed correctly
[2017-05-12 16:30:41] Item already in the database
[2017-05-12 16:30:41] Item => aae5f6a0 https://watirmelon.blog/2016/03/21/ama-testing-business-logic-in-the-ui/
[2017-05-12 16:30:41] Item parsed correctly
[2017-05-12 16:30:41] Item already in the database
[2017-05-12 16:30:41] Item => 792afed2 https://watirmelon.blog/2016/03/21/ama-intention-vs-implementation-cucumber-scenarios/
[2017-05-12 16:30:41] Item parsed correctly
[2017-05-12 16:30:41] Item already in the database
[2017-05-12 16:30:41] Item => 4bf27589 https://watirmelon.blog/2016/03/17/ama-javascript-mobile-app-automation-tools/
[2017-05-12 16:30:41] Item parsed correctly
[2017-05-12 16:30:41] Item already in the database
[2017-05-12 16:30:41] Item => 31e845d5 https://watirmelon.blog/2016/03/16/ama-ranking-automated-testing-attributes-in-order-of-importance/
[2017-05-12 16:30:41] Item parsed correctly
[2017-05-12 16:30:41] Item already in the database
[2017-05-12 16:30:41] Item => 83cc47ac https://watirmelon.blog/2016/03/16/ama-mobile-simulatorsemulators-or-real-devices-for-testing/
[2017-05-12 16:30:41] Item parsed correctly
[2017-05-12 16:30:41] Item already in the database
[2017-05-12 16:30:41] Item => d737e65e https://watirmelon.blog/2016/03/15/ama-what-is-the-biggest-racket-in-the-it-industry-right-now/
[2017-05-12 16:30:41] Item parsed correctly
[2017-05-12 16:30:41] Item already in the database
[2017-05-12 16:30:41] Item => 20c50e1e https://watirmelon.blog/2016/03/15/ama-how-do-you-teach-someone-exploratory-testing/
[2017-05-12 16:30:41] Item parsed correctly
[2017-05-12 16:30:41] Item already in the database
[2017-05-12 16:30:41] Item => 5adf3e42 https://watirmelon.blog/2016/03/15/ama-page-object-best-practices/
[2017-05-12 16:30:41] Item parsed correctly
[2017-05-12 16:30:41] Item already in the database
[2017-05-12 16:30:41] Item => 9ffc0cad https://watirmelon.blog/2016/03/11/ama-how-to-be-a-better-blogger/
[2017-05-12 16:30:41] Item parsed correctly
[2017-05-12 16:30:41] Item already in the database
[2017-05-12 16:30:41] There is 3 items to remove